2016-05-09 20:01:25.213+0000 INFO  [o.n.k.i.f.CommunityFacadeFactory] No locking implementation specified, defaulting to 'community'
2016-05-09 20:01:25.310+0000 INFO  [o.n.k.AvailabilityGuard] Requirement makes database unavailable: Database available
2016-05-09 20:01:25.318+0000 INFO  [o.n.k.i.DiagnosticsManager] --- INITIALIZED diagnostics START ---
2016-05-09 20:01:25.318+0000 INFO  [o.n.k.i.DiagnosticsManager] Neo4j Kernel properties:
2016-05-09 20:01:25.322+0000 INFO  [o.n.k.i.DiagnosticsManager] dbms.security.auth_enabled=false
2016-05-09 20:01:25.322+0000 INFO  [o.n.k.i.DiagnosticsManager] edition=Community
2016-05-09 20:01:25.322+0000 INFO  [o.n.k.i.DiagnosticsManager] org.neo4j.server.http.log.enabled=false
2016-05-09 20:01:25.322+0000 INFO  [o.n.k.i.DiagnosticsManager] org.neo4j.server.webadmin.rrdb.location=data/rrd
2016-05-09 20:01:25.322+0000 INFO  [o.n.k.i.DiagnosticsManager] org.neo4j.server.db.tuning.properties=conf/neo4j.properties
2016-05-09 20:01:25.322+0000 INFO  [o.n.k.i.DiagnosticsManager] dbms.security.tls_certificate_file=conf/ssl/snakeoil.cert
2016-05-09 20:01:25.322+0000 INFO  [o.n.k.i.DiagnosticsManager] org.neo4j.server.webserver.https.keystore.location=data/keystore
2016-05-09 20:01:25.323+0000 INFO  [o.n.k.i.DiagnosticsManager] dbms.querylog.filename=data/log/queries.log
2016-05-09 20:01:25.323+0000 INFO  [o.n.k.i.DiagnosticsManager] dbms.security.tls_key_file=conf/ssl/snakeoil.key
2016-05-09 20:01:25.323+0000 INFO  [o.n.k.i.DiagnosticsManager] org.neo4j.server.database.location=data/graph.db
2016-05-09 20:01:25.323+0000 INFO  [o.n.k.i.DiagnosticsManager] remote_shell_enabled=true
2016-05-09 20:01:25.323+0000 INFO  [o.n.k.i.DiagnosticsManager] org.neo4j.server.webserver.https.port=7473
2016-05-09 20:01:25.323+0000 INFO  [o.n.k.i.DiagnosticsManager] org.neo4j.server.webserver.port=7474
2016-05-09 20:01:25.323+0000 INFO  [o.n.k.i.DiagnosticsManager] org.neo4j.server.webserver.https.enabled=true
2016-05-09 20:01:25.323+0000 INFO  [o.n.k.i.DiagnosticsManager] org.neo4j.server.http.log.config=conf/neo4j-http-logging.xml
2016-05-09 20:01:25.323+0000 INFO  [o.n.k.i.DiagnosticsManager] Diagnostics providers:
2016-05-09 20:01:25.324+0000 INFO  [o.n.k.i.DiagnosticsManager] org.neo4j.kernel.configuration.Config
2016-05-09 20:01:25.324+0000 INFO  [o.n.k.i.DiagnosticsManager] org.neo4j.kernel.info.DiagnosticsManager
2016-05-09 20:01:25.324+0000 INFO  [o.n.k.i.DiagnosticsManager] SYSTEM_MEMORY
2016-05-09 20:01:25.324+0000 INFO  [o.n.k.i.DiagnosticsManager] JAVA_MEMORY
2016-05-09 20:01:25.324+0000 INFO  [o.n.k.i.DiagnosticsManager] OPERATING_SYSTEM
2016-05-09 20:01:25.324+0000 INFO  [o.n.k.i.DiagnosticsManager] JAVA_VIRTUAL_MACHINE
2016-05-09 20:01:25.324+0000 INFO  [o.n.k.i.DiagnosticsManager] CLASSPATH
2016-05-09 20:01:25.324+0000 INFO  [o.n.k.i.DiagnosticsManager] LIBRARY_PATH
2016-05-09 20:01:25.324+0000 INFO  [o.n.k.i.DiagnosticsManager] SYSTEM_PROPERTIES
2016-05-09 20:01:25.324+0000 INFO  [o.n.k.i.DiagnosticsManager] NETWORK
2016-05-09 20:01:25.324+0000 INFO  [o.n.k.i.DiagnosticsManager] System memory information:
2016-05-09 20:01:25.327+0000 INFO  [o.n.k.i.DiagnosticsManager] Total Physical memory: 8.00 GB
2016-05-09 20:01:25.328+0000 INFO  [o.n.k.i.DiagnosticsManager] Free Physical memory: 980.89 MB
2016-05-09 20:01:25.328+0000 INFO  [o.n.k.i.DiagnosticsManager] Committed virtual memory: 5.81 GB
2016-05-09 20:01:25.329+0000 INFO  [o.n.k.i.DiagnosticsManager] Total swap space: 1.00 GB
2016-05-09 20:01:25.329+0000 INFO  [o.n.k.i.DiagnosticsManager] Free swap space: 958.00 MB
2016-05-09 20:01:25.329+0000 INFO  [o.n.k.i.DiagnosticsManager] JVM memory information:
2016-05-09 20:01:25.329+0000 INFO  [o.n.k.i.DiagnosticsManager] Free  memory: 74.63 MB
2016-05-09 20:01:25.330+0000 INFO  [o.n.k.i.DiagnosticsManager] Total memory: 128.00 MB
2016-05-09 20:01:25.330+0000 INFO  [o.n.k.i.DiagnosticsManager] Max   memory: 2.00 GB
2016-05-09 20:01:25.336+0000 INFO  [o.n.k.i.DiagnosticsManager] Garbage Collector: G1 Young Generation: [G1 Eden Space, G1 Survivor Space]
2016-05-09 20:01:25.337+0000 INFO  [o.n.k.i.DiagnosticsManager] Garbage Collector: G1 Old Generation: [G1 Eden Space, G1 Survivor Space, G1 Old Gen]
2016-05-09 20:01:25.338+0000 INFO  [o.n.k.i.DiagnosticsManager] Memory Pool: Code Cache (Non-heap memory): committed=4.06 MB, used=4.04 MB, max=240.00 MB, threshold=0.00 B
2016-05-09 20:01:25.338+0000 INFO  [o.n.k.i.DiagnosticsManager] Memory Pool: Metaspace (Non-heap memory): committed=13.38 MB, used=12.85 MB, max=-1.00 B, threshold=0.00 B
2016-05-09 20:01:25.339+0000 INFO  [o.n.k.i.DiagnosticsManager] Memory Pool: Compressed Class Space (Non-heap memory): committed=1.88 MB, used=1.70 MB, max=1.00 GB, threshold=0.00 B
2016-05-09 20:01:25.339+0000 INFO  [o.n.k.i.DiagnosticsManager] Memory Pool: G1 Eden Space (Heap memory): committed=77.00 MB, used=42.00 MB, max=-1.00 B, threshold=?
2016-05-09 20:01:25.339+0000 INFO  [o.n.k.i.DiagnosticsManager] Memory Pool: G1 Survivor Space (Heap memory): committed=3.00 MB, used=3.00 MB, max=-1.00 B, threshold=?
2016-05-09 20:01:25.340+0000 INFO  [o.n.k.i.DiagnosticsManager] Memory Pool: G1 Old Gen (Heap memory): committed=48.00 MB, used=6.87 MB, max=2.00 GB, threshold=0.00 B
2016-05-09 20:01:25.340+0000 INFO  [o.n.k.i.DiagnosticsManager] Operating system information:
2016-05-09 20:01:25.341+0000 INFO  [o.n.k.i.DiagnosticsManager] Operating System: Mac OS X; version: 10.11.4; arch: x86_64; cpus: 4
2016-05-09 20:01:25.341+0000 INFO  [o.n.k.i.DiagnosticsManager] Max number of file descriptors: 10.00 kB
2016-05-09 20:01:25.342+0000 INFO  [o.n.k.i.DiagnosticsManager] Number of open file descriptors: 96.00 B
2016-05-09 20:01:25.352+0000 INFO  [o.n.k.i.DiagnosticsManager] Process id: 2478@MacBook-Pro-de-Alejandro.local
2016-05-09 20:01:25.352+0000 INFO  [o.n.k.i.DiagnosticsManager] Byte order: LITTLE_ENDIAN
2016-05-09 20:01:25.352+0000 INFO  [o.n.k.i.DiagnosticsManager] Local timezone: America/Mexico_City
2016-05-09 20:01:25.352+0000 INFO  [o.n.k.i.DiagnosticsManager] JVM information:
2016-05-09 20:01:25.353+0000 INFO  [o.n.k.i.DiagnosticsManager] VM Name: Java HotSpot(TM) 64-Bit Server VM
2016-05-09 20:01:25.353+0000 INFO  [o.n.k.i.DiagnosticsManager] VM Vendor: Oracle Corporation
2016-05-09 20:01:25.353+0000 INFO  [o.n.k.i.DiagnosticsManager] VM Version: 25.73-b02
2016-05-09 20:01:25.353+0000 INFO  [o.n.k.i.DiagnosticsManager] JIT compiler: HotSpot 64-Bit Tiered Compilers
2016-05-09 20:01:25.354+0000 INFO  [o.n.k.i.DiagnosticsManager] VM Arguments: [-XX:+DisableExplicitGC, -Dorg.neo4j.server.properties=conf/neo4j-server.properties, -Dlog4j.configuration=file:conf/log4j.properties, -XX:+UseG1GC, -XX:-OmitStackTraceInFastThrow, -XX:hashCode=5, -Dneo4j.ext.udc.source=tarball, -Dneo4j.home=/Users/Alex/Desktop/almacen/db/neo4j/development, -Dneo4j.instance=/Users/Alex/Desktop/almacen/db/neo4j/development, -Dfile.encoding=UTF-8]
2016-05-09 20:01:25.354+0000 INFO  [o.n.k.i.DiagnosticsManager] Java classpath:
2016-05-09 20:01:25.356+0000 INFO  [o.n.k.i.DiagnosticsManager]  [classpath + loader.0] file:/Users/Alex/Desktop/almacen/db/neo4j/development/system/lib/jackson-mapper-asl-1.9.13.jar
2016-05-09 20:01:25.356+0000 INFO  [o.n.k.i.DiagnosticsManager]  [classpath + loader.0] file:/Users/Alex/Desktop/almacen/db/neo4j/development/system/lib/jetty-servlet-9.2.9.v20150224.jar
2016-05-09 20:01:25.358+0000 INFO  [o.n.k.i.DiagnosticsManager]  [loader.1] file:/Library/Java/JavaVirtualMachines/jdk1.8.0_73.jdk/Contents/Home/jre/lib/ext/zipfs.jar
2016-05-09 20:01:25.358+0000 INFO  [o.n.k.i.DiagnosticsManager]  [classpath + loader.0] file:/Users/Alex/Desktop/almacen/db/neo4j/development/system/lib/logback-classic-1.1.2.jar
2016-05-09 20:01:25.358+0000 INFO  [o.n.k.i.DiagnosticsManager]  [classpath + loader.0] file:/Users/Alex/Desktop/almacen/db/neo4j/development/lib/neo4j-codegen-2.3.3.jar
2016-05-09 20:01:25.358+0000 INFO  [o.n.k.i.DiagnosticsManager]  [classpath + loader.0] file:/Users/Alex/Desktop/almacen/db/neo4j/development/system/lib/neo4j-browser-2.3.3.jar
2016-05-09 20:01:25.359+0000 INFO  [o.n.k.i.DiagnosticsManager]  [classpath + loader.0] file:/Users/Alex/Desktop/almacen/db/neo4j/development/lib/scala-reflect-2.11.7.jar
2016-05-09 20:01:25.359+0000 INFO  [o.n.k.i.DiagnosticsManager]  [loader.1] file:/Library/Java/JavaVirtualMachines/jdk1.8.0_73.jdk/Contents/Home/jre/lib/ext/sunec.jar
2016-05-09 20:01:25.359+0000 INFO  [o.n.k.i.DiagnosticsManager]  [loader.1] file:/Library/Java/JavaVirtualMachines/jdk1.8.0_73.jdk/Contents/Home/jre/lib/ext/sunjce_provider.jar
2016-05-09 20:01:25.359+0000 INFO  [o.n.k.i.DiagnosticsManager]  [classpath + loader.0] file:/Users/Alex/Desktop/almacen/db/neo4j/development/system/lib/commons-beanutils-1.8.3.jar
2016-05-09 20:01:25.359+0000 INFO  [o.n.k.i.DiagnosticsManager]  [classpath + loader.0] file:/Users/Alex/Desktop/almacen/db/neo4j/development/system/lib/jetty-xml-9.2.9.v20150224.jar
2016-05-09 20:01:25.359+0000 INFO  [o.n.k.i.DiagnosticsManager]  [classpath + loader.0] file:/Users/Alex/Desktop/almacen/db/neo4j/development/lib/scala-parser-combinators_2.11-1.0.4.jar
2016-05-09 20:01:25.359+0000 INFO  [o.n.k.i.DiagnosticsManager]  [classpath + loader.0] file:/Users/Alex/Desktop/almacen/db/neo4j/development/system/lib/jetty-security-9.2.9.v20150224.jar
2016-05-09 20:01:25.359+0000 INFO  [o.n.k.i.DiagnosticsManager]  [classpath + loader.0] file:/Users/Alex/Desktop/almacen/db/neo4j/development/system/lib/bcpkix-jdk15on-1.52.jar
2016-05-09 20:01:25.359+0000 INFO  [o.n.k.i.DiagnosticsManager]  [classpath + loader.0] file:/Users/Alex/Desktop/almacen/db/neo4j/development/lib/jline-2.12.jar
2016-05-09 20:01:25.359+0000 INFO  [o.n.k.i.DiagnosticsManager]  [loader.1] file:/Library/Java/JavaVirtualMachines/jdk1.8.0_73.jdk/Contents/Home/jre/lib/ext/dnsns.jar
2016-05-09 20:01:25.359+0000 INFO  [o.n.k.i.DiagnosticsManager]  [classpath + loader.0] file:/Users/Alex/Desktop/almacen/db/neo4j/development/lib/opencsv-2.3.jar
2016-05-09 20:01:25.359+0000 INFO  [o.n.k.i.DiagnosticsManager]  [classpath + loader.0] file:/Users/Alex/Desktop/almacen/db/neo4j/development/lib/neo4j-primitive-collections-2.3.3.jar
2016-05-09 20:01:25.359+0000 INFO  [o.n.k.i.DiagnosticsManager]  [classpath + loader.0] file:/Users/Alex/Desktop/almacen/db/neo4j/development/system/lib/commons-lang-2.6.jar
2016-05-09 20:01:25.359+0000 INFO  [o.n.k.i.DiagnosticsManager]  [classpath + loader.0] file:/Users/Alex/Desktop/almacen/db/neo4j/development/lib/parboiled-core-1.1.7.jar
2016-05-09 20:01:25.359+0000 INFO  [o.n.k.i.DiagnosticsManager]  [classpath + loader.0] file:/Users/Alex/Desktop/almacen/db/neo4j/development/lib/neo4j-import-tool-2.3.3.jar
2016-05-09 20:01:25.359+0000 INFO  [o.n.k.i.DiagnosticsManager]  [classpath + loader.0] file:/Users/Alex/Desktop/almacen/db/neo4j/development/lib/neo4j-unsafe-2.3.3.jar
2016-05-09 20:01:25.359+0000 INFO  [o.n.k.i.DiagnosticsManager]  [classpath + loader.0] file:/Users/Alex/Desktop/almacen/db/neo4j/development/lib/neo4j-consistency-check-legacy-2.3.3.jar
2016-05-09 20:01:25.359+0000 INFO  [o.n.k.i.DiagnosticsManager]  [loader.1] file:/Library/Java/JavaVirtualMachines/jdk1.8.0_73.jdk/Contents/Home/jre/lib/ext/cldrdata.jar
2016-05-09 20:01:25.360+0000 INFO  [o.n.k.i.DiagnosticsManager]  [bootstrap] /Library/Java/JavaVirtualMachines/jdk1.8.0_73.jdk/Contents/Home/jre/lib/charsets.jar
2016-05-09 20:01:25.360+0000 INFO  [o.n.k.i.DiagnosticsManager]  [classpath + loader.0] file:/Users/Alex/Desktop/almacen/db/neo4j/development/lib/neo4j-cypher-compiler-1.9_2.11-2.0.5.jar
2016-05-09 20:01:25.360+0000 INFO  [o.n.k.i.DiagnosticsManager]  [classpath + loader.0] file:/Users/Alex/Desktop/almacen/db/neo4j/development/system/lib/logback-core-1.1.2.jar
2016-05-09 20:01:25.360+0000 INFO  [o.n.k.i.DiagnosticsManager]  [classpath + loader.0] file:/Users/Alex/Desktop/almacen/db/neo4j/development/system/lib/bcprov-jdk15on-1.52.jar
2016-05-09 20:01:25.360+0000 INFO  [o.n.k.i.DiagnosticsManager]  [loader.1] file:/System/Library/Java/Extensions/j3daudio.jar
2016-05-09 20:01:25.360+0000 INFO  [o.n.k.i.DiagnosticsManager]  [classpath + loader.0] file:/Users/Alex/Desktop/almacen/db/neo4j/development/lib/neo4j-cypher-compiler-2.3-2.3.3.jar
2016-05-09 20:01:25.360+0000 INFO  [o.n.k.i.DiagnosticsManager]  [bootstrap] /Library/Java/JavaVirtualMachines/jdk1.8.0_73.jdk/Contents/Home/jre/lib/jsse.jar
2016-05-09 20:01:25.360+0000 INFO  [o.n.k.i.DiagnosticsManager]  [classpath + loader.0] file:/Users/Alex/Desktop/almacen/db/neo4j/development/lib/neo4j-function-2.3.3.jar
2016-05-09 20:01:25.360+0000 INFO  [o.n.k.i.DiagnosticsManager]  [loader.1] file:/Library/Java/JavaVirtualMachines/jdk1.8.0_73.jdk/Contents/Home/jre/lib/ext/jaccess.jar
2016-05-09 20:01:25.360+0000 INFO  [o.n.k.i.DiagnosticsManager]  [loader.1] file:/System/Library/Java/Extensions/j3dutils.jar
2016-05-09 20:01:25.360+0000 INFO  [o.n.k.i.DiagnosticsManager]  [loader.1] file:/System/Library/Java/Extensions/jai_codec.jar
2016-05-09 20:01:25.360+0000 INFO  [o.n.k.i.DiagnosticsManager]  [classpath + loader.0] file:/Users/Alex/Desktop/almacen/db/neo4j/development/system/lib/rhino-1.7R4.jar
2016-05-09 20:01:25.360+0000 INFO  [o.n.k.i.DiagnosticsManager]  [classpath + loader.0] file:/Users/Alex/Desktop/almacen/db/neo4j/development/lib/neo4j-logging-2.3.3.jar
2016-05-09 20:01:25.360+0000 INFO  [o.n.k.i.DiagnosticsManager]  [classpath + loader.0] file:/Users/Alex/Desktop/almacen/db/neo4j/development/system/lib/jackson-jaxrs-1.9.13.jar
2016-05-09 20:01:25.360+0000 INFO  [o.n.k.i.DiagnosticsManager]  [classpath + loader.0] file:/Users/Alex/Desktop/almacen/db/neo4j/development/conf/
2016-05-09 20:01:25.360+0000 INFO  [o.n.k.i.DiagnosticsManager]  [classpath + loader.0] file:/Users/Alex/Desktop/almacen/db/neo4j/development/lib/parboiled-scala_2.11-1.1.7.jar
2016-05-09 20:01:25.360+0000 INFO  [o.n.k.i.DiagnosticsManager]  [classpath + loader.0] file:/Users/Alex/Desktop/almacen/db/neo4j/development/lib/neo4j-jmx-2.3.3.jar
2016-05-09 20:01:25.360+0000 INFO  [o.n.k.i.DiagnosticsManager]  [classpath + loader.0] file:/Users/Alex/Desktop/almacen/db/neo4j/development/system/lib/commons-logging-1.1.1.jar
2016-05-09 20:01:25.360+0000 INFO  [o.n.k.i.DiagnosticsManager]  [loader.1] file:/Library/Java/JavaVirtualMachines/jdk1.8.0_73.jdk/Contents/Home/jre/lib/ext/nashorn.jar
2016-05-09 20:01:25.360+0000 INFO  [o.n.k.i.DiagnosticsManager]  [loader.1] file:/System/Library/Java/Extensions/libmlib_jai.jnilib
2016-05-09 20:01:25.361+0000 INFO  [o.n.k.i.DiagnosticsManager]  [bootstrap] /Library/Java/JavaVirtualMachines/jdk1.8.0_73.jdk/Contents/Home/jre/lib/jfr.jar
2016-05-09 20:01:25.361+0000 INFO  [o.n.k.i.DiagnosticsManager]  [classpath + loader.0] file:/Users/Alex/Desktop/almacen/db/neo4j/development/lib/neo4j-cypher-2.3.3.jar
2016-05-09 20:01:25.361+0000 INFO  [o.n.k.i.DiagnosticsManager]  [loader.1] file:/System/Library/Java/Extensions/libJ3DAudio.jnilib
2016-05-09 20:01:25.361+0000 INFO  [o.n.k.i.DiagnosticsManager]  [classpath + loader.0] file:/Users/Alex/Desktop/almacen/db/neo4j/development/system/lib/jersey-core-1.19.jar
2016-05-09 20:01:25.361+0000 INFO  [o.n.k.i.DiagnosticsManager]  [classpath + loader.0] file:/Users/Alex/Desktop/almacen/db/neo4j/development/system/lib/jetty-http-9.2.9.v20150224.jar
2016-05-09 20:01:25.361+0000 INFO  [o.n.k.i.DiagnosticsManager]  [classpath + loader.0] file:/Users/Alex/Desktop/almacen/db/neo4j/development/lib/neo4j-udc-2.3.3.jar
2016-05-09 20:01:25.361+0000 INFO  [o.n.k.i.DiagnosticsManager]  [classpath + loader.0] file:/Users/Alex/Desktop/almacen/db/neo4j/development/system/lib/jsr311-api-1.1.2.r612.jar
2016-05-09 20:01:25.361+0000 INFO  [o.n.k.i.DiagnosticsManager]  [loader.1] file:/Library/Java/JavaVirtualMachines/jdk1.8.0_73.jdk/Contents/Home/jre/lib/ext/sunpkcs11.jar
2016-05-09 20:01:25.361+0000 INFO  [o.n.k.i.DiagnosticsManager]  [loader.1] file:/System/Library/Java/Extensions/jai_core.jar
2016-05-09 20:01:25.361+0000 INFO  [o.n.k.i.DiagnosticsManager]  [classpath + loader.0] file:/Users/Alex/Desktop/almacen/db/neo4j/development/lib/neo4j-csv-2.3.3.jar
2016-05-09 20:01:25.361+0000 INFO  [o.n.k.i.DiagnosticsManager]  [classpath + loader.0] file:/Users/Alex/Desktop/almacen/db/neo4j/development/system/lib/jetty-util-9.2.9.v20150224.jar
2016-05-09 20:01:25.361+0000 INFO  [o.n.k.i.DiagnosticsManager]  [classpath + loader.0] file:/Users/Alex/Desktop/almacen/db/neo4j/development/system/lib/jetty-webapp-9.2.9.v20150224.jar
2016-05-09 20:01:25.361+0000 INFO  [o.n.k.i.DiagnosticsManager]  [classpath + loader.0] file:/Users/Alex/Desktop/almacen/db/neo4j/development/system/lib/jersey-server-1.19.jar
2016-05-09 20:01:25.361+0000 INFO  [o.n.k.i.DiagnosticsManager]  [bootstrap] /Library/Java/JavaVirtualMachines/jdk1.8.0_73.jdk/Contents/Home/jre/lib/rt.jar
2016-05-09 20:01:25.361+0000 INFO  [o.n.k.i.DiagnosticsManager]  [classpath + loader.0] file:/Users/Alex/Desktop/almacen/db/neo4j/development/lib/neo4j-graph-matching-2.3.3.jar
2016-05-09 20:01:25.361+0000 INFO  [o.n.k.i.DiagnosticsManager]  [classpath + loader.0] file:/Users/Alex/Desktop/almacen/db/neo4j/development/lib/scala-library-2.11.7.jar
2016-05-09 20:01:25.361+0000 INFO  [o.n.k.i.DiagnosticsManager]  [loader.1] file:/Library/Java/JavaVirtualMachines/jdk1.8.0_73.jdk/Contents/Home/jre/lib/ext/jfxrt.jar
2016-05-09 20:01:25.361+0000 INFO  [o.n.k.i.DiagnosticsManager]  [classpath + loader.0] file:/Users/Alex/Desktop/almacen/db/neo4j/development/system/lib/mimepull-1.9.3.jar
2016-05-09 20:01:25.361+0000 INFO  [o.n.k.i.DiagnosticsManager]  [classpath + loader.0] file:/Users/Alex/Desktop/almacen/db/neo4j/development/system/lib/neo4j-server-2.3.3.jar
2016-05-09 20:01:25.362+0000 INFO  [o.n.k.i.DiagnosticsManager]  [classpath + loader.0] file:/Users/Alex/Desktop/almacen/db/neo4j/development/lib/neo4j-consistency-check-2.3.3.jar
2016-05-09 20:01:25.362+0000 INFO  [o.n.k.i.DiagnosticsManager]  [classpath + loader.0] file:/Users/Alex/Desktop/almacen/db/neo4j/development/system/lib/slf4j-api-1.7.6.jar
2016-05-09 20:01:25.362+0000 INFO  [o.n.k.i.DiagnosticsManager]  [classpath + loader.0] file:/Users/Alex/Desktop/almacen/db/neo4j/development/lib/neo4j-graph-algo-2.3.3.jar
2016-05-09 20:01:25.362+0000 INFO  [o.n.k.i.DiagnosticsManager]  [classpath + loader.0] file:/Users/Alex/Desktop/almacen/db/neo4j/development/system/lib/logback-access-1.1.2.jar
2016-05-09 20:01:25.362+0000 INFO  [o.n.k.i.DiagnosticsManager]  [loader.1] file:/System/Library/Java/Extensions/vecmath.jar
2016-05-09 20:01:25.362+0000 INFO  [o.n.k.i.DiagnosticsManager]  [classpath + loader.0] file:/Users/Alex/Desktop/almacen/db/neo4j/development/system/lib/netty-all-4.0.28.Final.jar
2016-05-09 20:01:25.362+0000 INFO  [o.n.k.i.DiagnosticsManager]  [bootstrap] /Library/Java/JavaVirtualMachines/jdk1.8.0_73.jdk/Contents/Home/jre/lib/sunrsasign.jar
2016-05-09 20:01:25.362+0000 INFO  [o.n.k.i.DiagnosticsManager]  [classpath + loader.0] file:/Users/Alex/Desktop/almacen/db/neo4j/development/system/lib/javax.servlet-api-3.1.0.jar
2016-05-09 20:01:25.362+0000 INFO  [o.n.k.i.DiagnosticsManager]  [loader.1] file:/System/Library/Java/Extensions/libJ3D.jnilib
2016-05-09 20:01:25.362+0000 INFO  [o.n.k.i.DiagnosticsManager]  [bootstrap] /Library/Java/JavaVirtualMachines/jdk1.8.0_73.jdk/Contents/Home/jre/classes
2016-05-09 20:01:25.362+0000 INFO  [o.n.k.i.DiagnosticsManager]  [classpath + loader.0] file:/Users/Alex/Desktop/almacen/db/neo4j/development/system/lib/commons-configuration-1.10.jar
2016-05-09 20:01:25.362+0000 INFO  [o.n.k.i.DiagnosticsManager]  [classpath + loader.0] file:/Users/Alex/Desktop/almacen/db/neo4j/development/lib/lucene-core-3.6.2.jar
2016-05-09 20:01:25.362+0000 INFO  [o.n.k.i.DiagnosticsManager]  [classpath + loader.0] file:/Users/Alex/Desktop/almacen/db/neo4j/development/lib/neo4j-shell-2.3.3.jar
2016-05-09 20:01:25.362+0000 INFO  [o.n.k.i.DiagnosticsManager]  [classpath + loader.0] file:/Users/Alex/Desktop/almacen/db/neo4j/development/lib/server-api-2.3.3.jar
2016-05-09 20:01:25.362+0000 INFO  [o.n.k.i.DiagnosticsManager]  [bootstrap] /Library/Java/JavaVirtualMachines/jdk1.8.0_73.jdk/Contents/Home/jre/lib/jce.jar
2016-05-09 20:01:25.362+0000 INFO  [o.n.k.i.DiagnosticsManager]  [loader.1] file:/System/Library/Java/Extensions/libAppleScriptEngine.jnilib
2016-05-09 20:01:25.362+0000 INFO  [o.n.k.i.DiagnosticsManager]  [classpath + loader.0] file:/Users/Alex/Desktop/almacen/db/neo4j/development/system/lib/jersey-multipart-1.19.jar
2016-05-09 20:01:25.362+0000 INFO  [o.n.k.i.DiagnosticsManager]  [loader.1] file:/System/Library/Java/Extensions/dns_sd.jar
2016-05-09 20:01:25.362+0000 INFO  [o.n.k.i.DiagnosticsManager]  [loader.1] file:/Library/Java/JavaVirtualMachines/jdk1.8.0_73.jdk/Contents/Home/jre/lib/ext/localedata.jar
2016-05-09 20:01:25.362+0000 INFO  [o.n.k.i.DiagnosticsManager]  [loader.1] file:/System/Library/Java/Extensions/MRJToolkit.jar
2016-05-09 20:01:25.363+0000 INFO  [o.n.k.i.DiagnosticsManager]  [classpath + loader.0] file:/Users/Alex/Desktop/almacen/db/neo4j/development/lib/commons-lang3-3.3.2.jar
2016-05-09 20:01:25.363+0000 INFO  [o.n.k.i.DiagnosticsManager]  [classpath + loader.0] file:/Users/Alex/Desktop/almacen/db/neo4j/development/lib/neo4j-lucene-index-2.3.3.jar
2016-05-09 20:01:25.363+0000 INFO  [o.n.k.i.DiagnosticsManager]  [loader.1] file:/System/Library/Java/Extensions/mlibwrapper_jai.jar
2016-05-09 20:01:25.363+0000 INFO  [o.n.k.i.DiagnosticsManager]  [classpath + loader.0] file:/Users/Alex/Desktop/almacen/db/neo4j/development/system/lib/jetty-server-9.2.9.v20150224.jar
2016-05-09 20:01:25.363+0000 INFO  [o.n.k.i.DiagnosticsManager]  [classpath + loader.0] file:/Users/Alex/Desktop/almacen/db/neo4j/development/system/lib/rrd4j-2.2.jar
2016-05-09 20:01:25.363+0000 INFO  [o.n.k.i.DiagnosticsManager]  [loader.1] file:/System/Library/Java/Extensions/libJ3DUtils.jnilib
2016-05-09 20:01:25.363+0000 INFO  [o.n.k.i.DiagnosticsManager]  [classpath + loader.0] file:/Users/Alex/Desktop/almacen/db/neo4j/development/system/lib/asm-5.0.2.jar
2016-05-09 20:01:25.363+0000 INFO  [o.n.k.i.DiagnosticsManager]  [classpath + loader.0] file:/Users/Alex/Desktop/almacen/db/neo4j/development/system/lib/commons-io-2.4.jar
2016-05-09 20:01:25.363+0000 INFO  [o.n.k.i.DiagnosticsManager]  [classpath + loader.0] file:/Users/Alex/Desktop/almacen/db/neo4j/development/system/lib/jersey-servlet-1.19.jar
2016-05-09 20:01:25.363+0000 INFO  [o.n.k.i.DiagnosticsManager]  [loader.1] file:/System/Library/Java/Extensions/AppleScriptEngine.jar
2016-05-09 20:01:25.363+0000 INFO  [o.n.k.i.DiagnosticsManager]  [classpath + loader.0] file:/Users/Alex/Desktop/almacen/db/neo4j/development/lib/concurrentlinkedhashmap-lru-1.4.2.jar
2016-05-09 20:01:25.363+0000 INFO  [o.n.k.i.DiagnosticsManager]  [classpath + loader.0] file:/Users/Alex/Desktop/almacen/db/neo4j/development/system/lib/jackson-core-asl-1.9.13.jar
2016-05-09 20:01:25.363+0000 INFO  [o.n.k.i.DiagnosticsManager]  [classpath + loader.0] file:/Users/Alex/Desktop/almacen/db/neo4j/development/system/lib/jetty-io-9.2.9.v20150224.jar
2016-05-09 20:01:25.363+0000 INFO  [o.n.k.i.DiagnosticsManager]  [loader.1] file:/usr/lib/java/libjdns_sd.jnilib
2016-05-09 20:01:25.363+0000 INFO  [o.n.k.i.DiagnosticsManager]  [classpath + loader.0] file:/Users/Alex/Desktop/almacen/db/neo4j/development/lib/neo4j-cypher-compiler-2.2_2.11-2.2.6.jar
2016-05-09 20:01:25.363+0000 INFO  [o.n.k.i.DiagnosticsManager]  [classpath + loader.0] file:/Users/Alex/Desktop/almacen/db/neo4j/development/system/lib/neo4j-server-2.3.3-static-web.jar
2016-05-09 20:01:25.363+0000 INFO  [o.n.k.i.DiagnosticsManager]  [classpath + loader.0] file:/Users/Alex/Desktop/almacen/db/neo4j/development/lib/neo4j-cypher-frontend-2.3-2.3.3.jar
2016-05-09 20:01:25.363+0000 INFO  [o.n.k.i.DiagnosticsManager]  [bootstrap] /Library/Java/JavaVirtualMachines/jdk1.8.0_73.jdk/Contents/Home/jre/lib/resources.jar
2016-05-09 20:01:25.363+0000 INFO  [o.n.k.i.DiagnosticsManager]  [classpath + loader.0] file:/Users/Alex/Desktop/almacen/db/neo4j/development/lib/neo4j-io-2.3.3.jar
2016-05-09 20:01:25.363+0000 INFO  [o.n.k.i.DiagnosticsManager]  [loader.1] file:/System/Library/Java/Extensions/j3dcore.jar
2016-05-09 20:01:25.363+0000 INFO  [o.n.k.i.DiagnosticsManager]  [classpath + loader.0] file:/Users/Alex/Desktop/almacen/db/neo4j/development/lib/neo4j-kernel-2.3.3.jar
2016-05-09 20:01:25.364+0000 INFO  [o.n.k.i.DiagnosticsManager]  [classpath + loader.0] file:/Users/Alex/Desktop/almacen/db/neo4j/development/system/lib/commons-digester-2.1.jar
2016-05-09 20:01:25.364+0000 INFO  [o.n.k.i.DiagnosticsManager] Library path:
2016-05-09 20:01:25.364+0000 INFO  [o.n.k.i.DiagnosticsManager] /Users/Alex/Library/Java/Extensions
2016-05-09 20:01:25.364+0000 INFO  [o.n.k.i.DiagnosticsManager] /Library/Java/Extensions
2016-05-09 20:01:25.365+0000 INFO  [o.n.k.i.DiagnosticsManager] /Network/Library/Java/Extensions
2016-05-09 20:01:25.365+0000 INFO  [o.n.k.i.DiagnosticsManager] /System/Library/Java/Extensions
2016-05-09 20:01:25.365+0000 INFO  [o.n.k.i.DiagnosticsManager] /usr/lib/java
2016-05-09 20:01:25.365+0000 INFO  [o.n.k.i.DiagnosticsManager] /Users/Alex/Desktop/almacen/db/neo4j/development
2016-05-09 20:01:25.366+0000 INFO  [o.n.k.i.DiagnosticsManager] System.properties:
2016-05-09 20:01:25.366+0000 INFO  [o.n.k.i.DiagnosticsManager] sun.boot.library.path = /Library/Java/JavaVirtualMachines/jdk1.8.0_73.jdk/Contents/Home/jre/lib
2016-05-09 20:01:25.366+0000 INFO  [o.n.k.i.DiagnosticsManager] user.country.format = MX
2016-05-09 20:01:25.366+0000 INFO  [o.n.k.i.DiagnosticsManager] org.neo4j.server.properties = conf/neo4j-server.properties
2016-05-09 20:01:25.366+0000 INFO  [o.n.k.i.DiagnosticsManager] gopherProxySet = false
2016-05-09 20:01:25.366+0000 INFO  [o.n.k.i.DiagnosticsManager] path.separator = :
2016-05-09 20:01:25.366+0000 INFO  [o.n.k.i.DiagnosticsManager] file.encoding.pkg = sun.io
2016-05-09 20:01:25.367+0000 INFO  [o.n.k.i.DiagnosticsManager] user.country = US
2016-05-09 20:01:25.367+0000 INFO  [o.n.k.i.DiagnosticsManager] sun.java.launcher = SUN_STANDARD
2016-05-09 20:01:25.367+0000 INFO  [o.n.k.i.DiagnosticsManager] sun.os.patch.level = unknown
2016-05-09 20:01:25.367+0000 INFO  [o.n.k.i.DiagnosticsManager] user.dir = /Users/Alex/Desktop/almacen/db/neo4j/development
2016-05-09 20:01:25.367+0000 INFO  [o.n.k.i.DiagnosticsManager] neo4j.ext.udc.source = tarball
2016-05-09 20:01:25.367+0000 INFO  [o.n.k.i.DiagnosticsManager] log4j.configuration = file:conf/log4j.properties
2016-05-09 20:01:25.367+0000 INFO  [o.n.k.i.DiagnosticsManager] sun.jnu.encoding = UTF-8
2016-05-09 20:01:25.367+0000 INFO  [o.n.k.i.DiagnosticsManager] sun.management.compiler = HotSpot 64-Bit Tiered Compilers
2016-05-09 20:01:25.367+0000 INFO  [o.n.k.i.DiagnosticsManager] http.nonProxyHosts = local|*.local|169.254/16|*.169.254/16
2016-05-09 20:01:25.367+0000 INFO  [o.n.k.i.DiagnosticsManager] user.home = /Users/Alex
2016-05-09 20:01:25.367+0000 INFO  [o.n.k.i.DiagnosticsManager] user.timezone = America/Mexico_City
2016-05-09 20:01:25.367+0000 INFO  [o.n.k.i.DiagnosticsManager] file.encoding = UTF-8
2016-05-09 20:01:25.367+0000 INFO  [o.n.k.i.DiagnosticsManager] user.name = Alex
2016-05-09 20:01:25.367+0000 INFO  [o.n.k.i.DiagnosticsManager] sun.java.command = org.neo4j.server.CommunityBootstrapper
2016-05-09 20:01:25.367+0000 INFO  [o.n.k.i.DiagnosticsManager] sun.arch.data.model = 64
2016-05-09 20:01:25.367+0000 INFO  [o.n.k.i.DiagnosticsManager] user.language = en
2016-05-09 20:01:25.367+0000 INFO  [o.n.k.i.DiagnosticsManager] awt.toolkit = sun.lwawt.macosx.LWCToolkit
2016-05-09 20:01:25.367+0000 INFO  [o.n.k.i.DiagnosticsManager] file.separator = /
2016-05-09 20:01:25.367+0000 INFO  [o.n.k.i.DiagnosticsManager] sun.io.unicode.encoding = UnicodeBig
2016-05-09 20:01:25.367+0000 INFO  [o.n.k.i.DiagnosticsManager] sun.cpu.endian = little
2016-05-09 20:01:25.367+0000 INFO  [o.n.k.i.DiagnosticsManager] socksNonProxyHosts = local|*.local|169.254/16|*.169.254/16
2016-05-09 20:01:25.367+0000 INFO  [o.n.k.i.DiagnosticsManager] neo4j.instance = /Users/Alex/Desktop/almacen/db/neo4j/development
2016-05-09 20:01:25.368+0000 INFO  [o.n.k.i.DiagnosticsManager] ftp.nonProxyHosts = local|*.local|169.254/16|*.169.254/16
2016-05-09 20:01:25.368+0000 INFO  [o.n.k.i.DiagnosticsManager] neo4j.home = /Users/Alex/Desktop/almacen/db/neo4j/development
2016-05-09 20:01:25.368+0000 INFO  [o.n.k.i.DiagnosticsManager] sun.cpu.isalist = 
2016-05-09 20:01:25.368+0000 INFO  [o.n.k.i.DiagnosticsManager] Network information:
2016-05-09 20:01:25.373+0000 INFO  [o.n.k.i.DiagnosticsManager] Interface awdl0:
2016-05-09 20:01:25.374+0000 INFO  [o.n.k.i.DiagnosticsManager]     address: fe80:0:0:0:9099:cfff:fe54:ee56%awdl0
2016-05-09 20:01:25.374+0000 INFO  [o.n.k.i.DiagnosticsManager] Interface en0:
2016-05-09 20:01:25.374+0000 INFO  [o.n.k.i.DiagnosticsManager]     address: fe80:0:0:0:3e15:c2ff:fece:f0fe%en0
2016-05-09 20:01:25.374+0000 INFO  [o.n.k.i.DiagnosticsManager]     address: 10.49.65.249
2016-05-09 20:01:25.374+0000 INFO  [o.n.k.i.DiagnosticsManager] Interface lo0:
2016-05-09 20:01:25.374+0000 INFO  [o.n.k.i.DiagnosticsManager]     address: fe80:0:0:0:0:0:0:1%lo0
2016-05-09 20:01:25.374+0000 INFO  [o.n.k.i.DiagnosticsManager]     address: 0:0:0:0:0:0:0:1
2016-05-09 20:01:25.374+0000 INFO  [o.n.k.i.DiagnosticsManager]     address: 127.0.0.1
2016-05-09 20:01:25.374+0000 INFO  [o.n.k.i.DiagnosticsManager] --- INITIALIZED diagnostics END ---
2016-05-09 20:01:25.919+0000 INFO  [o.n.k.a.i.i.LuceneLabelScanStore] No lucene scan store index found, this might just be first use. Preparing to rebuild.
2016-05-09 20:01:26.063+0000 INFO  [o.n.k.NeoStoreDataSource] Opened logical log [/Users/Alex/Desktop/almacen/db/neo4j/development/data/graph.db/neostore.transaction.db.0] version=0, lastTxId=1 (clean)
2016-05-09 20:01:26.073+0000 WARN  [o.n.k.i.s.MetaDataStore] Missing counts store, rebuilding it.
2016-05-09 20:01:26.227+0000 INFO  [o.n.k.a.i.i.LuceneLabelScanStore] Rebuilding lucene scan store, this may take a while
2016-05-09 20:01:26.229+0000 INFO  [o.n.k.a.i.i.LuceneLabelScanStore] Lucene scan store rebuilt (roughly -1 nodes)
2016-05-09 20:01:26.235+0000 INFO  [o.n.k.KernelHealth] Kernel health set to OK
2016-05-09 20:01:26.681+0000 INFO  [o.n.k.AvailabilityGuard] Fulfilling of requirement makes database available: Database available
2016-05-09 20:01:26.682+0000 INFO  [o.n.k.i.f.CommunityFacadeFactory] Database is now ready
2016-05-09 20:01:26.683+0000 INFO  [o.n.k.i.DiagnosticsManager] --- STARTED diagnostics for KernelDiagnostics:Versions START ---
2016-05-09 20:01:26.683+0000 INFO  [o.n.k.i.DiagnosticsManager] Graph Database: Community StoreId{creationTime=1462824085735, randomId=252128198675036292, storeVersion=15250506225055238, upgradeTime=1462824085735, upgradeId=1}
2016-05-09 20:01:26.683+0000 INFO  [o.n.k.i.DiagnosticsManager] Kernel version: 2.3.3,4623254
2016-05-09 20:01:26.683+0000 INFO  [o.n.k.i.DiagnosticsManager] --- STARTED diagnostics for KernelDiagnostics:Versions END ---
2016-05-09 20:01:26.686+0000 INFO  [o.n.k.i.DiagnosticsManager] --- STARTED diagnostics for NEO_STORE_VERSIONS START ---
2016-05-09 20:01:26.686+0000 INFO  [o.n.k.i.DiagnosticsManager] Store versions:
2016-05-09 20:01:26.686+0000 INFO  [o.n.k.i.DiagnosticsManager] Store versions:
2016-05-09 20:01:26.686+0000 INFO  [o.n.k.i.DiagnosticsManager] ArrayPropertyStore v0.A.6
2016-05-09 20:01:26.686+0000 INFO  [o.n.k.i.DiagnosticsManager] NodeStore v0.A.6
2016-05-09 20:01:26.686+0000 INFO  [o.n.k.i.DiagnosticsManager] StringPropertyStore v0.A.6
2016-05-09 20:01:26.687+0000 INFO  [o.n.k.i.DiagnosticsManager] PropertyIndexStore v0.A.6
2016-05-09 20:01:26.687+0000 INFO  [o.n.k.i.DiagnosticsManager] StringPropertyStore v0.A.6
2016-05-09 20:01:26.687+0000 INFO  [o.n.k.i.DiagnosticsManager] ArrayPropertyStore v0.A.6
2016-05-09 20:01:26.687+0000 INFO  [o.n.k.i.DiagnosticsManager] PropertyStore v0.A.6
2016-05-09 20:01:26.687+0000 INFO  [o.n.k.i.DiagnosticsManager] RelationshipStore v0.A.6
2016-05-09 20:01:26.687+0000 INFO  [o.n.k.i.DiagnosticsManager] StringPropertyStore v0.A.6
2016-05-09 20:01:26.687+0000 INFO  [o.n.k.i.DiagnosticsManager] RelationshipTypeStore v0.A.6
2016-05-09 20:01:26.687+0000 INFO  [o.n.k.i.DiagnosticsManager] StringPropertyStore v0.A.6
2016-05-09 20:01:26.687+0000 INFO  [o.n.k.i.DiagnosticsManager] LabelTokenStore v0.A.6
2016-05-09 20:01:26.687+0000 INFO  [o.n.k.i.DiagnosticsManager] SchemaStore v0.A.6
2016-05-09 20:01:26.687+0000 INFO  [o.n.k.i.DiagnosticsManager] RelationshipGroupStore v0.A.6
2016-05-09 20:01:26.687+0000 INFO  [o.n.k.i.DiagnosticsManager] NeoStore v0.A.6
2016-05-09 20:01:26.687+0000 INFO  [o.n.k.i.DiagnosticsManager] --- STARTED diagnostics for NEO_STORE_VERSIONS END ---
2016-05-09 20:01:26.687+0000 INFO  [o.n.k.i.DiagnosticsManager] --- STARTED diagnostics for NEO_STORE_ID_USAGE START ---
2016-05-09 20:01:26.687+0000 INFO  [o.n.k.i.DiagnosticsManager] Id usage:
2016-05-09 20:01:26.687+0000 INFO  [o.n.k.i.DiagnosticsManager] Id usage:
2016-05-09 20:01:26.688+0000 INFO  [o.n.k.i.DiagnosticsManager]   ArrayPropertyStore v0.A.6: used=1 high=0
2016-05-09 20:01:26.688+0000 INFO  [o.n.k.i.DiagnosticsManager]   NodeStore v0.A.6: used=0 high=-1
2016-05-09 20:01:26.688+0000 INFO  [o.n.k.i.DiagnosticsManager]   StringPropertyStore v0.A.6: used=1 high=0
2016-05-09 20:01:26.688+0000 INFO  [o.n.k.i.DiagnosticsManager]   PropertyIndexStore v0.A.6: used=0 high=-1
2016-05-09 20:01:26.688+0000 INFO  [o.n.k.i.DiagnosticsManager]   StringPropertyStore v0.A.6: used=1 high=0
2016-05-09 20:01:26.689+0000 INFO  [o.n.k.i.DiagnosticsManager]   ArrayPropertyStore v0.A.6: used=1 high=0
2016-05-09 20:01:26.689+0000 INFO  [o.n.k.i.DiagnosticsManager]   PropertyStore v0.A.6: used=0 high=-1
2016-05-09 20:01:26.689+0000 INFO  [o.n.k.i.DiagnosticsManager]   RelationshipStore v0.A.6: used=0 high=-1
2016-05-09 20:01:26.689+0000 INFO  [o.n.k.i.DiagnosticsManager]   StringPropertyStore v0.A.6: used=1 high=0
2016-05-09 20:01:26.689+0000 INFO  [o.n.k.i.DiagnosticsManager]   RelationshipTypeStore v0.A.6: used=0 high=-1
2016-05-09 20:01:26.689+0000 INFO  [o.n.k.i.DiagnosticsManager]   StringPropertyStore v0.A.6: used=1 high=0
2016-05-09 20:01:26.690+0000 INFO  [o.n.k.i.DiagnosticsManager]   LabelTokenStore v0.A.6: used=0 high=-1
2016-05-09 20:01:26.690+0000 INFO  [o.n.k.i.DiagnosticsManager]   SchemaStore v0.A.6: used=1 high=0
2016-05-09 20:01:26.690+0000 INFO  [o.n.k.i.DiagnosticsManager]   RelationshipGroupStore v0.A.6: used=1 high=0
2016-05-09 20:01:26.690+0000 INFO  [o.n.k.i.DiagnosticsManager]   NeoStore v0.A.6: used=13 high=12
2016-05-09 20:01:26.690+0000 INFO  [o.n.k.i.DiagnosticsManager] --- STARTED diagnostics for NEO_STORE_ID_USAGE END ---
2016-05-09 20:01:26.690+0000 INFO  [o.n.k.i.DiagnosticsManager] --- STARTED diagnostics for NEO_STORE_RECORDS START ---
2016-05-09 20:01:26.690+0000 INFO  [o.n.k.i.DiagnosticsManager] Neostore records:
2016-05-09 20:01:26.690+0000 INFO  [o.n.k.i.DiagnosticsManager] TIME (Creation time): 1462824085735
2016-05-09 20:01:26.691+0000 INFO  [o.n.k.i.DiagnosticsManager] RANDOM_NUMBER (Random number for store id): 252128198675036292
2016-05-09 20:01:26.691+0000 INFO  [o.n.k.i.DiagnosticsManager] LOG_VERSION (Current log version): 0
2016-05-09 20:01:26.691+0000 INFO  [o.n.k.i.DiagnosticsManager] LAST_TRANSACTION_ID (Last committed transaction): 1
2016-05-09 20:01:26.691+0000 INFO  [o.n.k.i.DiagnosticsManager] STORE_VERSION (Store format version): 15250506225055238
2016-05-09 20:01:26.691+0000 INFO  [o.n.k.i.DiagnosticsManager] FIRST_GRAPH_PROPERTY (First property record containing graph properties): -1
2016-05-09 20:01:26.691+0000 INFO  [o.n.k.i.DiagnosticsManager] LAST_CONSTRAINT_TRANSACTION (Last committed transaction containing constraint changes): 0
2016-05-09 20:01:26.691+0000 INFO  [o.n.k.i.DiagnosticsManager] UPGRADE_TRANSACTION_ID (Transaction id most recent upgrade was performed at): 1
2016-05-09 20:01:26.691+0000 INFO  [o.n.k.i.DiagnosticsManager] UPGRADE_TIME (Time of last upgrade): 1462824085735
2016-05-09 20:01:26.691+0000 INFO  [o.n.k.i.DiagnosticsManager] LAST_TRANSACTION_CHECKSUM (Checksum of last committed transaction): 0
2016-05-09 20:01:26.691+0000 INFO  [o.n.k.i.DiagnosticsManager] UPGRADE_TRANSACTION_CHECKSUM (Checksum of transaction id the most recent upgrade was performed at): 0
2016-05-09 20:01:26.691+0000 INFO  [o.n.k.i.DiagnosticsManager] LAST_CLOSED_TRANSACTION_LOG_VERSION (Log version where the last transaction commit entry has been written into): 0
2016-05-09 20:01:26.691+0000 INFO  [o.n.k.i.DiagnosticsManager] LAST_CLOSED_TRANSACTION_LOG_BYTE_OFFSET (Byte offset in the log file where the last transaction commit entry has been written into): 16
2016-05-09 20:01:26.691+0000 INFO  [o.n.k.i.DiagnosticsManager] --- STARTED diagnostics for NEO_STORE_RECORDS END ---
2016-05-09 20:01:26.691+0000 INFO  [o.n.k.i.DiagnosticsManager] --- STARTED diagnostics for TRANSACTION_RANGE START ---
2016-05-09 20:01:26.691+0000 INFO  [o.n.k.i.DiagnosticsManager] Transaction log:
2016-05-09 20:01:26.692+0000 INFO  [o.n.k.i.DiagnosticsManager] No transactions found in any log
2016-05-09 20:01:26.692+0000 INFO  [o.n.k.i.DiagnosticsManager] --- STARTED diagnostics for TRANSACTION_RANGE END ---
2016-05-09 20:01:26.693+0000 INFO  [o.n.k.i.DiagnosticsManager] --- STARTED diagnostics for KernelDiagnostics:StoreFiles START ---
2016-05-09 20:01:26.693+0000 INFO  [o.n.k.i.DiagnosticsManager] Disk space on partition (Total / Free / Free %): 249769230336 / 161860558848 / 64
Storage files: (filename : modification date - size)
2016-05-09 20:01:26.694+0000 INFO  [o.n.k.i.DiagnosticsManager]   index:
2016-05-09 20:01:26.695+0000 INFO  [o.n.k.i.DiagnosticsManager]   - Total: 2016-05-09T15:01:25-0500 - 0.00 B
2016-05-09 20:01:26.695+0000 INFO  [o.n.k.i.DiagnosticsManager]   messages.log: 2016-05-09T15:01:26-0500 - 36.86 kB
2016-05-09 20:01:26.695+0000 INFO  [o.n.k.i.DiagnosticsManager]   neostore: 2016-05-09T15:01:25-0500 - 8.00 kB
2016-05-09 20:01:26.695+0000 INFO  [o.n.k.i.DiagnosticsManager]   neostore.counts.db.a: 2016-05-09T15:01:26-0500 - 96.00 B
2016-05-09 20:01:26.695+0000 INFO  [o.n.k.i.DiagnosticsManager]   neostore.id: 2016-05-09T15:01:25-0500 - 9.00 B
2016-05-09 20:01:26.696+0000 INFO  [o.n.k.i.DiagnosticsManager]   neostore.labeltokenstore.db: 2016-05-09T15:01:25-0500 - 0.00 B
2016-05-09 20:01:26.696+0000 INFO  [o.n.k.i.DiagnosticsManager]   neostore.labeltokenstore.db.id: 2016-05-09T15:01:25-0500 - 9.00 B
2016-05-09 20:01:26.696+0000 INFO  [o.n.k.i.DiagnosticsManager]   neostore.labeltokenstore.db.names: 2016-05-09T15:01:25-0500 - 8.00 kB
2016-05-09 20:01:26.696+0000 INFO  [o.n.k.i.DiagnosticsManager]   neostore.labeltokenstore.db.names.id: 2016-05-09T15:01:25-0500 - 9.00 B
2016-05-09 20:01:26.696+0000 INFO  [o.n.k.i.DiagnosticsManager]   neostore.nodestore.db: 2016-05-09T15:01:25-0500 - 0.00 B
2016-05-09 20:01:26.697+0000 INFO  [o.n.k.i.DiagnosticsManager]   neostore.nodestore.db.id: 2016-05-09T15:01:25-0500 - 9.00 B
2016-05-09 20:01:26.697+0000 INFO  [o.n.k.i.DiagnosticsManager]   neostore.nodestore.db.labels: 2016-05-09T15:01:25-0500 - 8.00 kB
2016-05-09 20:01:26.697+0000 INFO  [o.n.k.i.DiagnosticsManager]   neostore.nodestore.db.labels.id: 2016-05-09T15:01:25-0500 - 9.00 B
2016-05-09 20:01:26.697+0000 INFO  [o.n.k.i.DiagnosticsManager]   neostore.propertystore.db: 2016-05-09T15:01:25-0500 - 0.00 B
2016-05-09 20:01:26.697+0000 INFO  [o.n.k.i.DiagnosticsManager]   neostore.propertystore.db.arrays: 2016-05-09T15:01:25-0500 - 8.00 kB
2016-05-09 20:01:26.697+0000 INFO  [o.n.k.i.DiagnosticsManager]   neostore.propertystore.db.arrays.id: 2016-05-09T15:01:25-0500 - 9.00 B
2016-05-09 20:01:26.698+0000 INFO  [o.n.k.i.DiagnosticsManager]   neostore.propertystore.db.id: 2016-05-09T15:01:25-0500 - 9.00 B
2016-05-09 20:01:26.698+0000 INFO  [o.n.k.i.DiagnosticsManager]   neostore.propertystore.db.index: 2016-05-09T15:01:25-0500 - 0.00 B
2016-05-09 20:01:26.698+0000 INFO  [o.n.k.i.DiagnosticsManager]   neostore.propertystore.db.index.id: 2016-05-09T15:01:25-0500 - 9.00 B
2016-05-09 20:01:26.698+0000 INFO  [o.n.k.i.DiagnosticsManager]   neostore.propertystore.db.index.keys: 2016-05-09T15:01:25-0500 - 8.00 kB
2016-05-09 20:01:26.698+0000 INFO  [o.n.k.i.DiagnosticsManager]   neostore.propertystore.db.index.keys.id: 2016-05-09T15:01:25-0500 - 9.00 B
2016-05-09 20:01:26.699+0000 INFO  [o.n.k.i.DiagnosticsManager]   neostore.propertystore.db.strings: 2016-05-09T15:01:25-0500 - 8.00 kB
2016-05-09 20:01:26.699+0000 INFO  [o.n.k.i.DiagnosticsManager]   neostore.propertystore.db.strings.id: 2016-05-09T15:01:25-0500 - 9.00 B
2016-05-09 20:01:26.699+0000 INFO  [o.n.k.i.DiagnosticsManager]   neostore.relationshipgroupstore.db: 2016-05-09T15:01:25-0500 - 8.00 kB
2016-05-09 20:01:26.699+0000 INFO  [o.n.k.i.DiagnosticsManager]   neostore.relationshipgroupstore.db.id: 2016-05-09T15:01:25-0500 - 9.00 B
2016-05-09 20:01:26.699+0000 INFO  [o.n.k.i.DiagnosticsManager]   neostore.relationshipstore.db: 2016-05-09T15:01:25-0500 - 0.00 B
2016-05-09 20:01:26.700+0000 INFO  [o.n.k.i.DiagnosticsManager]   neostore.relationshipstore.db.id: 2016-05-09T15:01:25-0500 - 9.00 B
2016-05-09 20:01:26.700+0000 INFO  [o.n.k.i.DiagnosticsManager]   neostore.relationshiptypestore.db: 2016-05-09T15:01:25-0500 - 0.00 B
2016-05-09 20:01:26.700+0000 INFO  [o.n.k.i.DiagnosticsManager]   neostore.relationshiptypestore.db.id: 2016-05-09T15:01:25-0500 - 9.00 B
2016-05-09 20:01:26.700+0000 INFO  [o.n.k.i.DiagnosticsManager]   neostore.relationshiptypestore.db.names: 2016-05-09T15:01:25-0500 - 8.00 kB
2016-05-09 20:01:26.701+0000 INFO  [o.n.k.i.DiagnosticsManager]   neostore.relationshiptypestore.db.names.id: 2016-05-09T15:01:25-0500 - 9.00 B
2016-05-09 20:01:26.701+0000 INFO  [o.n.k.i.DiagnosticsManager]   neostore.schemastore.db: 2016-05-09T15:01:25-0500 - 8.00 kB
2016-05-09 20:01:26.701+0000 INFO  [o.n.k.i.DiagnosticsManager]   neostore.schemastore.db.id: 2016-05-09T15:01:25-0500 - 9.00 B
2016-05-09 20:01:26.701+0000 INFO  [o.n.k.i.DiagnosticsManager]   neostore.transaction.db.0: 2016-05-09T15:01:26-0500 - 16.00 B
2016-05-09 20:01:26.701+0000 INFO  [o.n.k.i.DiagnosticsManager]   schema:
2016-05-09 20:01:26.701+0000 INFO  [o.n.k.i.DiagnosticsManager]     label:
2016-05-09 20:01:26.702+0000 INFO  [o.n.k.i.DiagnosticsManager]       lucene:
2016-05-09 20:01:26.702+0000 INFO  [o.n.k.i.DiagnosticsManager]         write.lock: 2016-05-09T15:01:25-0500 - 0.00 B
2016-05-09 20:01:26.702+0000 INFO  [o.n.k.i.DiagnosticsManager]       - Total: 2016-05-09T15:01:25-0500 - 0.00 B
2016-05-09 20:01:26.702+0000 INFO  [o.n.k.i.DiagnosticsManager]     - Total: 2016-05-09T15:01:25-0500 - 0.00 B
2016-05-09 20:01:26.702+0000 INFO  [o.n.k.i.DiagnosticsManager]   - Total: 2016-05-09T15:01:25-0500 - 0.00 B
2016-05-09 20:01:26.702+0000 INFO  [o.n.k.i.DiagnosticsManager]   store_lock: 2016-05-09T15:01:25-0500 - 0.00 B
2016-05-09 20:01:26.703+0000 INFO  [o.n.k.i.DiagnosticsManager] --- STARTED diagnostics for KernelDiagnostics:StoreFiles END ---
2016-05-09 20:01:28.972+0000 INFO  [o.n.k.i.DiagnosticsManager] --- SERVER STARTED START ---
2016-05-09 20:01:30.588+0000 INFO  [o.n.k.i.DiagnosticsManager] --- SERVER STARTED END ---
2016-05-09 20:05:18.783+0000 INFO  [o.n.k.i.a.i.IndexPopulationJob] Index population started: [:Recipe(uuid) [provider: {key=lucene, version=1.0}]]
2016-05-09 20:05:18.797+0000 INFO  [o.n.k.i.a.KernelSchemaStateStore] Schema state store has been cleared.
2016-05-09 20:05:18.804+0000 INFO  [o.n.k.i.a.i.IndexPopulationJob] Index population completed. Index is now online: [:Recipe(uuid) [provider: {key=lucene, version=1.0}]]
2016-05-09 20:05:18.819+0000 INFO  [o.n.k.i.a.KernelSchemaStateStore] Schema state store has been cleared.
2016-05-09 20:05:56.210+0000 INFO  [o.n.k.i.a.i.s.OnlineIndexSamplingJob] Sampled index :Recipe(uuid) with 1 unique values in sample of avg size 1 taken from index containing 1 entries
2016-05-09 20:06:26.307+0000 INFO  [o.n.k.i.t.l.c.CheckPointerImpl] Check Pointing triggered by scheduler for time threshold [8]:  Starting check pointing...
2016-05-09 20:06:26.307+0000 INFO  [o.n.k.i.t.l.c.CheckPointerImpl] Check Pointing triggered by scheduler for time threshold [8]:  Starting store flush...
2016-05-09 20:06:26.314+0000 INFO  [o.n.k.i.s.c.CountsTracker] About to rotate counts store at transaction 8 to [/Users/Alex/Desktop/almacen/db/neo4j/development/data/graph.db/neostore.counts.db.b], from [/Users/Alex/Desktop/almacen/db/neo4j/development/data/graph.db/neostore.counts.db.a].
2016-05-09 20:06:26.315+0000 INFO  [o.n.k.i.s.c.CountsTracker] Successfully rotated counts store at transaction 8 to [/Users/Alex/Desktop/almacen/db/neo4j/development/data/graph.db/neostore.counts.db.b], from [/Users/Alex/Desktop/almacen/db/neo4j/development/data/graph.db/neostore.counts.db.a].
2016-05-09 20:06:26.317+0000 INFO  [o.n.k.i.t.l.c.CheckPointerImpl] Check Pointing triggered by scheduler for time threshold [8]:  Store flush completed
2016-05-09 20:06:26.317+0000 INFO  [o.n.k.i.t.l.c.CheckPointerImpl] Check Pointing triggered by scheduler for time threshold [8]:  Starting appending check point entry into the tx log...
2016-05-09 20:06:26.318+0000 INFO  [o.n.k.i.t.l.c.CheckPointerImpl] Check Pointing triggered by scheduler for time threshold [8]:  Appending check point entry into the tx log completed
2016-05-09 20:06:26.318+0000 INFO  [o.n.k.i.t.l.c.CheckPointerImpl] Check Pointing triggered by scheduler for time threshold [8]:  Check pointing completed
2016-05-09 20:06:26.318+0000 INFO  [o.n.k.i.t.l.p.LogPruningImpl] Log Rotation [0]:  Starting log pruning.
2016-05-09 20:06:26.318+0000 INFO  [o.n.k.i.t.l.p.LogPruningImpl] Log Rotation [0]:  Log pruning complete.
2016-05-09 20:07:42.628+0000 INFO  [o.n.c.i.ServerExecutionEngine] Discarded stale query from the query cache: CYPHER 2.3 MATCH (n:`Recipe`) RETURN n
2016-05-09 20:07:42.630+0000 INFO  [o.n.c.i.CypherCompiler] Discarded stale query from the query cache: Query(None,SingleQuery(List(Match(false,Pattern(List(EveryPath(NodePattern(Some(Identifier(n)),List(),None,false)))),List(),Some(Where(HasLabels(Identifier(n),List(LabelName(Recipe)))))), Return(false,ReturnItems(false,List(AliasedReturnItem(Identifier(n),Identifier(n)))),None,None,None))))
2016-05-09 20:07:46.443+0000 INFO  [o.n.k.i.a.i.IndexPopulationJob] Index population started: [:Ingredient(uuid) [provider: {key=lucene, version=1.0}]]
2016-05-09 20:07:46.445+0000 INFO  [o.n.k.i.a.KernelSchemaStateStore] Schema state store has been cleared.
2016-05-09 20:07:46.447+0000 INFO  [o.n.k.i.a.i.IndexPopulationJob] Index population completed. Index is now online: [:Ingredient(uuid) [provider: {key=lucene, version=1.0}]]
2016-05-09 20:07:46.447+0000 INFO  [o.n.k.i.a.KernelSchemaStateStore] Schema state store has been cleared.
2016-05-09 20:07:57.256+0000 INFO  [o.n.c.i.ServerExecutionEngine] Discarded stale query from the query cache: CYPHER 2.3 MATCH (n:`Ingredient`) WHERE (n.uuid = {n_uuid}) RETURN n ORDER BY n.uuid LIMIT {limit_1}
2016-05-09 20:07:57.258+0000 INFO  [o.n.c.i.CypherCompiler] Discarded stale query from the query cache: Query(None,SingleQuery(List(Match(false,Pattern(List(EveryPath(NodePattern(Some(Identifier(n)),List(),None,false)))),List(),Some(Where(And(HasLabels(Identifier(n),List(LabelName(Ingredient))),Equals(Property(Identifier(n),PropertyKeyName(uuid)),Parameter(n_uuid)))))), With(false,ReturnItems(false,Vector(AliasedReturnItem(Identifier(n),Identifier(  FRESHID56)))),None,None,None,None), With(false,ReturnItems(false,Vector(AliasedReturnItem(Identifier(  FRESHID56),Identifier(  FRESHID56)), AliasedReturnItem(Property(Identifier(  FRESHID56),PropertyKeyName(uuid)),Identifier(  FRESHID69)))),Some(OrderBy(Vector(AscSortItem(Identifier(  FRESHID69))))),None,Some(Limit(Parameter(limit_1))),None), With(false,ReturnItems(false,Vector(AliasedReturnItem(Identifier(  FRESHID56),Identifier(  FRESHID56)))),None,None,None,None), Return(false,ReturnItems(false,List(AliasedReturnItem(Identifier(  FRESHID56),Identifier(n)))),None,None,None))))
2016-05-09 20:07:59.174+0000 INFO  [o.n.c.i.ServerExecutionEngine] Discarded stale query from the query cache: CYPHER 2.3 MATCH (n:`Ingredient`) RETURN n
2016-05-09 20:07:59.175+0000 INFO  [o.n.c.i.CypherCompiler] Discarded stale query from the query cache: Query(None,SingleQuery(List(Match(false,Pattern(List(EveryPath(NodePattern(Some(Identifier(n)),List(),None,false)))),List(),Some(Where(HasLabels(Identifier(n),List(LabelName(Ingredient)))))), Return(false,ReturnItems(false,List(AliasedReturnItem(Identifier(n),Identifier(n)))),None,None,None))))
2016-05-09 20:08:06.200+0000 INFO  [o.n.k.i.a.i.s.OnlineIndexSamplingJob] Sampled index :Ingredient(uuid) with 1 unique values in sample of avg size 1 taken from index containing 1 entries
2016-05-09 20:08:16.203+0000 INFO  [o.n.k.i.a.i.s.OnlineIndexSamplingJob] Sampled index :Ingredient(uuid) with 2 unique values in sample of avg size 2 taken from index containing 2 entries
2016-05-09 20:10:14.732+0000 INFO  [o.n.k.i.a.i.IndexPopulationJob] Index population started: [:Dish(uuid) [provider: {key=lucene, version=1.0}]]
2016-05-09 20:10:14.735+0000 INFO  [o.n.k.i.a.KernelSchemaStateStore] Schema state store has been cleared.
2016-05-09 20:10:14.737+0000 INFO  [o.n.k.i.a.i.IndexPopulationJob] Index population completed. Index is now online: [:Dish(uuid) [provider: {key=lucene, version=1.0}]]
2016-05-09 20:10:14.738+0000 INFO  [o.n.k.i.a.KernelSchemaStateStore] Schema state store has been cleared.
2016-05-09 20:10:40.125+0000 INFO  [o.n.c.i.ServerExecutionEngine] Discarded stale query from the query cache: CYPHER 2.3 MATCH (n:`Dish`) RETURN n
2016-05-09 20:10:40.125+0000 INFO  [o.n.c.i.CypherCompiler] Discarded stale query from the query cache: Query(None,SingleQuery(List(Match(false,Pattern(List(EveryPath(NodePattern(Some(Identifier(n)),List(),None,false)))),List(),Some(Where(HasLabels(Identifier(n),List(LabelName(Dish)))))), Return(false,ReturnItems(false,List(AliasedReturnItem(Identifier(n),Identifier(n)))),None,None,None))))
2016-05-09 20:10:46.192+0000 INFO  [o.n.k.i.a.i.s.OnlineIndexSamplingJob] Sampled index :Dish(uuid) with 1 unique values in sample of avg size 1 taken from index containing 1 entries
2016-05-09 20:11:26.383+0000 INFO  [o.n.k.i.t.l.c.CheckPointerImpl] Check Pointing triggered by scheduler for time threshold [18]:  Starting check pointing...
2016-05-09 20:11:26.384+0000 INFO  [o.n.k.i.t.l.c.CheckPointerImpl] Check Pointing triggered by scheduler for time threshold [18]:  Starting store flush...
2016-05-09 20:11:26.390+0000 INFO  [o.n.k.i.s.c.CountsTracker] About to rotate counts store at transaction 18 to [/Users/Alex/Desktop/almacen/db/neo4j/development/data/graph.db/neostore.counts.db.a], from [/Users/Alex/Desktop/almacen/db/neo4j/development/data/graph.db/neostore.counts.db.b].
2016-05-09 20:11:26.392+0000 INFO  [o.n.k.i.s.c.CountsTracker] Successfully rotated counts store at transaction 18 to [/Users/Alex/Desktop/almacen/db/neo4j/development/data/graph.db/neostore.counts.db.a], from [/Users/Alex/Desktop/almacen/db/neo4j/development/data/graph.db/neostore.counts.db.b].
2016-05-09 20:11:26.397+0000 INFO  [o.n.k.i.t.l.c.CheckPointerImpl] Check Pointing triggered by scheduler for time threshold [18]:  Store flush completed
2016-05-09 20:11:26.397+0000 INFO  [o.n.k.i.t.l.c.CheckPointerImpl] Check Pointing triggered by scheduler for time threshold [18]:  Starting appending check point entry into the tx log...
2016-05-09 20:11:26.398+0000 INFO  [o.n.k.i.t.l.c.CheckPointerImpl] Check Pointing triggered by scheduler for time threshold [18]:  Appending check point entry into the tx log completed
2016-05-09 20:11:26.398+0000 INFO  [o.n.k.i.t.l.c.CheckPointerImpl] Check Pointing triggered by scheduler for time threshold [18]:  Check pointing completed
2016-05-09 20:11:26.398+0000 INFO  [o.n.k.i.t.l.p.LogPruningImpl] Log Rotation [0]:  Starting log pruning.
2016-05-09 20:11:26.398+0000 INFO  [o.n.k.i.t.l.p.LogPruningImpl] Log Rotation [0]:  Log pruning complete.
2016-05-09 20:31:26.768+0000 INFO  [o.n.k.i.t.l.c.CheckPointerImpl] Check Pointing triggered by scheduler for time threshold [20]:  Starting check pointing...
2016-05-09 20:31:26.769+0000 INFO  [o.n.k.i.t.l.c.CheckPointerImpl] Check Pointing triggered by scheduler for time threshold [20]:  Starting store flush...
2016-05-09 20:31:26.770+0000 INFO  [o.n.k.i.s.c.CountsTracker] About to rotate counts store at transaction 20 to [/Users/Alex/Desktop/almacen/db/neo4j/development/data/graph.db/neostore.counts.db.b], from [/Users/Alex/Desktop/almacen/db/neo4j/development/data/graph.db/neostore.counts.db.a].
2016-05-09 20:31:26.771+0000 INFO  [o.n.k.i.s.c.CountsTracker] Successfully rotated counts store at transaction 20 to [/Users/Alex/Desktop/almacen/db/neo4j/development/data/graph.db/neostore.counts.db.b], from [/Users/Alex/Desktop/almacen/db/neo4j/development/data/graph.db/neostore.counts.db.a].
2016-05-09 20:31:26.773+0000 INFO  [o.n.k.i.t.l.c.CheckPointerImpl] Check Pointing triggered by scheduler for time threshold [20]:  Store flush completed
2016-05-09 20:31:26.773+0000 INFO  [o.n.k.i.t.l.c.CheckPointerImpl] Check Pointing triggered by scheduler for time threshold [20]:  Starting appending check point entry into the tx log...
2016-05-09 20:31:26.774+0000 INFO  [o.n.k.i.t.l.c.CheckPointerImpl] Check Pointing triggered by scheduler for time threshold [20]:  Appending check point entry into the tx log completed
2016-05-09 20:31:26.774+0000 INFO  [o.n.k.i.t.l.c.CheckPointerImpl] Check Pointing triggered by scheduler for time threshold [20]:  Check pointing completed
2016-05-09 20:31:26.774+0000 INFO  [o.n.k.i.t.l.p.LogPruningImpl] Log Rotation [0]:  Starting log pruning.
2016-05-09 20:31:26.774+0000 INFO  [o.n.k.i.t.l.p.LogPruningImpl] Log Rotation [0]:  Log pruning complete.
2016-05-09 20:31:54.320+0000 INFO  [o.n.c.i.ServerExecutionEngine] Discarded stale query from the query cache: CYPHER 2.3 MATCH a -[r]- b WHERE id(a) IN[0,1,2,3]
AND id(b) IN[0,1,2,3]
RETURN r;
2016-05-09 20:31:54.321+0000 INFO  [o.n.c.i.CypherCompiler] Discarded stale query from the query cache: Query(None,SingleQuery(List(Match(false,Pattern(List(EveryPath(RelationshipChain(NodePattern(Some(Identifier(a)),List(),None,true),RelationshipPattern(Some(Identifier(r)),false,List(),None,None,BOTH),NodePattern(Some(Identifier(b)),List(),None,true))))),List(),Some(Where(And(In(FunctionInvocation(FunctionName(id),false,Vector(Identifier(a))),Collection(List(Parameter(  AUTOINT0), Parameter(  AUTOINT1), Parameter(  AUTOINT2), Parameter(  AUTOINT3)))),In(FunctionInvocation(FunctionName(id),false,Vector(Identifier(b))),Collection(List(Parameter(  AUTOINT4), Parameter(  AUTOINT5), Parameter(  AUTOINT6), Parameter(  AUTOINT7)))))))), Return(false,ReturnItems(false,List(AliasedReturnItem(Identifier(r),Identifier(r)))),None,None,None))))
2016-05-09 20:39:36.903+0000 INFO  [o.n.k.i.t.l.c.CheckPointerImpl] Check Pointing triggered by scheduler for time threshold [21]:  Starting check pointing...
2016-05-09 20:39:36.903+0000 INFO  [o.n.k.i.t.l.c.CheckPointerImpl] Check Pointing triggered by scheduler for time threshold [21]:  Starting store flush...
2016-05-09 20:39:36.904+0000 INFO  [o.n.k.i.s.c.CountsTracker] About to rotate counts store at transaction 21 to [/Users/Alex/Desktop/almacen/db/neo4j/development/data/graph.db/neostore.counts.db.a], from [/Users/Alex/Desktop/almacen/db/neo4j/development/data/graph.db/neostore.counts.db.b].
2016-05-09 20:39:36.905+0000 INFO  [o.n.k.i.s.c.CountsTracker] Successfully rotated counts store at transaction 21 to [/Users/Alex/Desktop/almacen/db/neo4j/development/data/graph.db/neostore.counts.db.a], from [/Users/Alex/Desktop/almacen/db/neo4j/development/data/graph.db/neostore.counts.db.b].
2016-05-09 20:39:36.910+0000 INFO  [o.n.k.i.t.l.c.CheckPointerImpl] Check Pointing triggered by scheduler for time threshold [21]:  Store flush completed
2016-05-09 20:39:36.911+0000 INFO  [o.n.k.i.t.l.c.CheckPointerImpl] Check Pointing triggered by scheduler for time threshold [21]:  Starting appending check point entry into the tx log...
2016-05-09 20:39:36.911+0000 INFO  [o.n.k.i.t.l.c.CheckPointerImpl] Check Pointing triggered by scheduler for time threshold [21]:  Appending check point entry into the tx log completed
2016-05-09 20:39:36.911+0000 INFO  [o.n.k.i.t.l.c.CheckPointerImpl] Check Pointing triggered by scheduler for time threshold [21]:  Check pointing completed
2016-05-09 20:39:36.911+0000 INFO  [o.n.k.i.t.l.p.LogPruningImpl] Log Rotation [0]:  Starting log pruning.
2016-05-09 20:39:36.911+0000 INFO  [o.n.k.i.t.l.p.LogPruningImpl] Log Rotation [0]:  Log pruning complete.
2016-05-09 20:44:37.001+0000 INFO  [o.n.k.i.t.l.c.CheckPointerImpl] Check Pointing triggered by scheduler for time threshold [24]:  Starting check pointing...
2016-05-09 20:44:37.001+0000 INFO  [o.n.k.i.t.l.c.CheckPointerImpl] Check Pointing triggered by scheduler for time threshold [24]:  Starting store flush...
2016-05-09 20:44:37.002+0000 INFO  [o.n.k.i.s.c.CountsTracker] About to rotate counts store at transaction 24 to [/Users/Alex/Desktop/almacen/db/neo4j/development/data/graph.db/neostore.counts.db.b], from [/Users/Alex/Desktop/almacen/db/neo4j/development/data/graph.db/neostore.counts.db.a].
2016-05-09 20:44:37.003+0000 INFO  [o.n.k.i.s.c.CountsTracker] Successfully rotated counts store at transaction 24 to [/Users/Alex/Desktop/almacen/db/neo4j/development/data/graph.db/neostore.counts.db.b], from [/Users/Alex/Desktop/almacen/db/neo4j/development/data/graph.db/neostore.counts.db.a].
2016-05-09 20:44:37.004+0000 INFO  [o.n.k.i.t.l.c.CheckPointerImpl] Check Pointing triggered by scheduler for time threshold [24]:  Store flush completed
2016-05-09 20:44:37.004+0000 INFO  [o.n.k.i.t.l.c.CheckPointerImpl] Check Pointing triggered by scheduler for time threshold [24]:  Starting appending check point entry into the tx log...
2016-05-09 20:44:37.005+0000 INFO  [o.n.k.i.t.l.c.CheckPointerImpl] Check Pointing triggered by scheduler for time threshold [24]:  Appending check point entry into the tx log completed
2016-05-09 20:44:37.005+0000 INFO  [o.n.k.i.t.l.c.CheckPointerImpl] Check Pointing triggered by scheduler for time threshold [24]:  Check pointing completed
2016-05-09 20:44:37.005+0000 INFO  [o.n.k.i.t.l.p.LogPruningImpl] Log Rotation [0]:  Starting log pruning.
2016-05-09 20:44:37.005+0000 INFO  [o.n.k.i.t.l.p.LogPruningImpl] Log Rotation [0]:  Log pruning complete.
2016-05-09 20:48:06.072+0000 INFO  [o.n.k.i.a.i.s.OnlineIndexSamplingJob] Sampled index :Ingredient(uuid) with 3 unique values in sample of avg size 3 taken from index containing 3 entries
2016-05-09 20:49:37.075+0000 INFO  [o.n.k.i.t.l.c.CheckPointerImpl] Check Pointing triggered by scheduler for time threshold [26]:  Starting check pointing...
2016-05-09 20:49:37.075+0000 INFO  [o.n.k.i.t.l.c.CheckPointerImpl] Check Pointing triggered by scheduler for time threshold [26]:  Starting store flush...
2016-05-09 20:49:37.080+0000 INFO  [o.n.k.i.s.c.CountsTracker] About to rotate counts store at transaction 26 to [/Users/Alex/Desktop/almacen/db/neo4j/development/data/graph.db/neostore.counts.db.a], from [/Users/Alex/Desktop/almacen/db/neo4j/development/data/graph.db/neostore.counts.db.b].
2016-05-09 20:49:37.080+0000 INFO  [o.n.k.i.s.c.CountsTracker] Successfully rotated counts store at transaction 26 to [/Users/Alex/Desktop/almacen/db/neo4j/development/data/graph.db/neostore.counts.db.a], from [/Users/Alex/Desktop/almacen/db/neo4j/development/data/graph.db/neostore.counts.db.b].
2016-05-09 20:49:37.081+0000 INFO  [o.n.k.i.t.l.c.CheckPointerImpl] Check Pointing triggered by scheduler for time threshold [26]:  Store flush completed
2016-05-09 20:49:37.081+0000 INFO  [o.n.k.i.t.l.c.CheckPointerImpl] Check Pointing triggered by scheduler for time threshold [26]:  Starting appending check point entry into the tx log...
2016-05-09 20:49:37.082+0000 INFO  [o.n.k.i.t.l.c.CheckPointerImpl] Check Pointing triggered by scheduler for time threshold [26]:  Appending check point entry into the tx log completed
2016-05-09 20:49:37.082+0000 INFO  [o.n.k.i.t.l.c.CheckPointerImpl] Check Pointing triggered by scheduler for time threshold [26]:  Check pointing completed
2016-05-09 20:49:37.082+0000 INFO  [o.n.k.i.t.l.p.LogPruningImpl] Log Rotation [0]:  Starting log pruning.
2016-05-09 20:49:37.082+0000 INFO  [o.n.k.i.t.l.p.LogPruningImpl] Log Rotation [0]:  Log pruning complete.
2016-05-09 20:54:37.165+0000 INFO  [o.n.k.i.t.l.c.CheckPointerImpl] Check Pointing triggered by scheduler for time threshold [28]:  Starting check pointing...
2016-05-09 20:54:37.165+0000 INFO  [o.n.k.i.t.l.c.CheckPointerImpl] Check Pointing triggered by scheduler for time threshold [28]:  Starting store flush...
2016-05-09 20:54:37.166+0000 INFO  [o.n.k.i.s.c.CountsTracker] About to rotate counts store at transaction 28 to [/Users/Alex/Desktop/almacen/db/neo4j/development/data/graph.db/neostore.counts.db.b], from [/Users/Alex/Desktop/almacen/db/neo4j/development/data/graph.db/neostore.counts.db.a].
2016-05-09 20:54:37.168+0000 INFO  [o.n.k.i.s.c.CountsTracker] Successfully rotated counts store at transaction 28 to [/Users/Alex/Desktop/almacen/db/neo4j/development/data/graph.db/neostore.counts.db.b], from [/Users/Alex/Desktop/almacen/db/neo4j/development/data/graph.db/neostore.counts.db.a].
2016-05-09 20:54:37.172+0000 INFO  [o.n.k.i.t.l.c.CheckPointerImpl] Check Pointing triggered by scheduler for time threshold [28]:  Store flush completed
2016-05-09 20:54:37.172+0000 INFO  [o.n.k.i.t.l.c.CheckPointerImpl] Check Pointing triggered by scheduler for time threshold [28]:  Starting appending check point entry into the tx log...
2016-05-09 20:54:37.173+0000 INFO  [o.n.k.i.t.l.c.CheckPointerImpl] Check Pointing triggered by scheduler for time threshold [28]:  Appending check point entry into the tx log completed
2016-05-09 20:54:37.173+0000 INFO  [o.n.k.i.t.l.c.CheckPointerImpl] Check Pointing triggered by scheduler for time threshold [28]:  Check pointing completed
2016-05-09 20:54:37.173+0000 INFO  [o.n.k.i.t.l.p.LogPruningImpl] Log Rotation [0]:  Starting log pruning.
2016-05-09 20:54:37.173+0000 INFO  [o.n.k.i.t.l.p.LogPruningImpl] Log Rotation [0]:  Log pruning complete.
2016-05-09 21:57:15.015+0000 WARN  [o.n.k.i.c.MonitorGc] GC Monitor: Application threads blocked for 1492ms.
2016-05-09 22:01:24.285+0000 INFO  [o.n.k.i.a.i.s.OnlineIndexSamplingJob] Sampled index :Ingredient(uuid) with 4 unique values in sample of avg size 4 taken from index containing 4 entries
2016-05-09 22:01:25.570+0000 INFO  [o.n.k.i.t.l.c.CheckPointerImpl] Check Pointing triggered by scheduler for time threshold [30]:  Starting check pointing...
2016-05-09 22:01:25.570+0000 INFO  [o.n.k.i.t.l.c.CheckPointerImpl] Check Pointing triggered by scheduler for time threshold [30]:  Starting store flush...
2016-05-09 22:01:25.576+0000 INFO  [o.n.k.i.s.c.CountsTracker] About to rotate counts store at transaction 30 to [/Users/Alex/Desktop/almacen/db/neo4j/development/data/graph.db/neostore.counts.db.a], from [/Users/Alex/Desktop/almacen/db/neo4j/development/data/graph.db/neostore.counts.db.b].
2016-05-09 22:01:25.577+0000 INFO  [o.n.k.i.s.c.CountsTracker] Successfully rotated counts store at transaction 30 to [/Users/Alex/Desktop/almacen/db/neo4j/development/data/graph.db/neostore.counts.db.a], from [/Users/Alex/Desktop/almacen/db/neo4j/development/data/graph.db/neostore.counts.db.b].
2016-05-09 22:01:25.578+0000 INFO  [o.n.k.i.t.l.c.CheckPointerImpl] Check Pointing triggered by scheduler for time threshold [30]:  Store flush completed
2016-05-09 22:01:25.578+0000 INFO  [o.n.k.i.t.l.c.CheckPointerImpl] Check Pointing triggered by scheduler for time threshold [30]:  Starting appending check point entry into the tx log...
2016-05-09 22:01:25.579+0000 INFO  [o.n.k.i.t.l.c.CheckPointerImpl] Check Pointing triggered by scheduler for time threshold [30]:  Appending check point entry into the tx log completed
2016-05-09 22:01:25.579+0000 INFO  [o.n.k.i.t.l.c.CheckPointerImpl] Check Pointing triggered by scheduler for time threshold [30]:  Check pointing completed
2016-05-09 22:01:25.579+0000 INFO  [o.n.k.i.t.l.p.LogPruningImpl] Log Rotation [0]:  Starting log pruning.
2016-05-09 22:01:25.579+0000 INFO  [o.n.k.i.t.l.p.LogPruningImpl] Log Rotation [0]:  Log pruning complete.
2016-05-09 22:01:27.095+0000 INFO  [o.n.c.i.ServerExecutionEngine] Discarded stale query from the query cache: CYPHER 2.3 MATCH (n:`Ingredient`) RETURN n
2016-05-09 22:01:27.096+0000 INFO  [o.n.c.i.CypherCompiler] Discarded stale query from the query cache: Query(None,SingleQuery(List(Match(false,Pattern(List(EveryPath(NodePattern(Some(Identifier(n)),List(),None,false)))),List(),Some(Where(HasLabels(Identifier(n),List(LabelName(Ingredient)))))), Return(false,ReturnItems(false,List(AliasedReturnItem(Identifier(n),Identifier(n)))),None,None,None))))
2016-05-09 22:01:34.284+0000 INFO  [o.n.k.i.a.i.s.OnlineIndexSamplingJob] Sampled index :Ingredient(uuid) with 6 unique values in sample of avg size 6 taken from index containing 6 entries
2016-05-09 22:02:34.280+0000 INFO  [o.n.k.i.a.i.s.OnlineIndexSamplingJob] Sampled index :Recipe(uuid) with 2 unique values in sample of avg size 2 taken from index containing 2 entries
2016-05-09 22:02:49.396+0000 INFO  [o.n.c.i.ServerExecutionEngine] Discarded stale query from the query cache: CYPHER 2.3 MATCH (n:`Dish`) RETURN n
2016-05-09 22:02:49.397+0000 INFO  [o.n.c.i.CypherCompiler] Discarded stale query from the query cache: Query(None,SingleQuery(List(Match(false,Pattern(List(EveryPath(NodePattern(Some(Identifier(n)),List(),None,false)))),List(),Some(Where(HasLabels(Identifier(n),List(LabelName(Dish)))))), Return(false,ReturnItems(false,List(AliasedReturnItem(Identifier(n),Identifier(n)))),None,None,None))))
2016-05-09 22:02:57.564+0000 INFO  [o.n.c.i.ServerExecutionEngine] Discarded stale query from the query cache: CYPHER 2.3 MATCH (n:`Dish`) WHERE (n.uuid = {n_uuid}) RETURN n ORDER BY n.uuid LIMIT {limit_1}
2016-05-09 22:02:57.566+0000 INFO  [o.n.c.i.CypherCompiler] Discarded stale query from the query cache: Query(None,SingleQuery(List(Match(false,Pattern(List(EveryPath(NodePattern(Some(Identifier(n)),List(),None,false)))),List(),Some(Where(And(HasLabels(Identifier(n),List(LabelName(Dish))),Equals(Property(Identifier(n),PropertyKeyName(uuid)),Parameter(n_uuid)))))), With(false,ReturnItems(false,Vector(AliasedReturnItem(Identifier(n),Identifier(  FRESHID50)))),None,None,None,None), With(false,ReturnItems(false,Vector(AliasedReturnItem(Identifier(  FRESHID50),Identifier(  FRESHID50)), AliasedReturnItem(Property(Identifier(  FRESHID50),PropertyKeyName(uuid)),Identifier(  FRESHID63)))),Some(OrderBy(Vector(AscSortItem(Identifier(  FRESHID63))))),None,Some(Limit(Parameter(limit_1))),None), With(false,ReturnItems(false,Vector(AliasedReturnItem(Identifier(  FRESHID50),Identifier(  FRESHID50)))),None,None,None,None), Return(false,ReturnItems(false,List(AliasedReturnItem(Identifier(  FRESHID50),Identifier(n)))),None,None,None))))
2016-05-09 22:03:04.279+0000 INFO  [o.n.k.i.a.i.s.OnlineIndexSamplingJob] Sampled index :Dish(uuid) with 2 unique values in sample of avg size 2 taken from index containing 2 entries
2016-05-09 22:04:18.762+0000 INFO  [o.n.c.i.ServerExecutionEngine] Discarded stale query from the query cache: CYPHER 2.3 MATCH (n:`Ingredient`) WHERE (n.name = {n_name}) RETURN n LIMIT {limit_1}
2016-05-09 22:04:18.762+0000 INFO  [o.n.c.i.CypherCompiler] Discarded stale query from the query cache: Query(None,SingleQuery(List(Match(false,Pattern(List(EveryPath(NodePattern(Some(Identifier(n)),List(),None,false)))),List(),Some(Where(And(HasLabels(Identifier(n),List(LabelName(Ingredient))),Equals(Property(Identifier(n),PropertyKeyName(name)),Parameter(n_name)))))), Return(false,ReturnItems(false,List(AliasedReturnItem(Identifier(n),Identifier(n)))),None,None,Some(Limit(Parameter(limit_1)))))))
2016-05-09 22:05:09.648+0000 INFO  [o.n.c.i.ServerExecutionEngine] Discarded stale query from the query cache: CYPHER 2.3 match(n) return n
2016-05-09 22:05:09.648+0000 INFO  [o.n.c.i.CypherCompiler] Discarded stale query from the query cache: Query(None,SingleQuery(List(Match(false,Pattern(List(EveryPath(NodePattern(Some(Identifier(n)),List(),None,false)))),List(),None), Return(false,ReturnItems(false,List(AliasedReturnItem(Identifier(n),Identifier(n)))),None,None,None))))
2016-05-09 22:06:25.657+0000 INFO  [o.n.k.i.t.l.c.CheckPointerImpl] Check Pointing triggered by scheduler for time threshold [37]:  Starting check pointing...
2016-05-09 22:06:25.657+0000 INFO  [o.n.k.i.t.l.c.CheckPointerImpl] Check Pointing triggered by scheduler for time threshold [37]:  Starting store flush...
2016-05-09 22:06:25.666+0000 INFO  [o.n.k.i.s.c.CountsTracker] About to rotate counts store at transaction 37 to [/Users/Alex/Desktop/almacen/db/neo4j/development/data/graph.db/neostore.counts.db.b], from [/Users/Alex/Desktop/almacen/db/neo4j/development/data/graph.db/neostore.counts.db.a].
2016-05-09 22:06:25.666+0000 INFO  [o.n.k.i.s.c.CountsTracker] Successfully rotated counts store at transaction 37 to [/Users/Alex/Desktop/almacen/db/neo4j/development/data/graph.db/neostore.counts.db.b], from [/Users/Alex/Desktop/almacen/db/neo4j/development/data/graph.db/neostore.counts.db.a].
2016-05-09 22:06:25.670+0000 INFO  [o.n.k.i.t.l.c.CheckPointerImpl] Check Pointing triggered by scheduler for time threshold [37]:  Store flush completed
2016-05-09 22:06:25.670+0000 INFO  [o.n.k.i.t.l.c.CheckPointerImpl] Check Pointing triggered by scheduler for time threshold [37]:  Starting appending check point entry into the tx log...
2016-05-09 22:06:25.671+0000 INFO  [o.n.k.i.t.l.c.CheckPointerImpl] Check Pointing triggered by scheduler for time threshold [37]:  Appending check point entry into the tx log completed
2016-05-09 22:06:25.671+0000 INFO  [o.n.k.i.t.l.c.CheckPointerImpl] Check Pointing triggered by scheduler for time threshold [37]:  Check pointing completed
2016-05-09 22:06:25.671+0000 INFO  [o.n.k.i.t.l.p.LogPruningImpl] Log Rotation [0]:  Starting log pruning.
2016-05-09 22:06:25.671+0000 INFO  [o.n.k.i.t.l.p.LogPruningImpl] Log Rotation [0]:  Log pruning complete.
